Arguments: 
  C:\Program Files\nodejs\node.exe C:\Users\alexa\AppData\Roaming\npm\node_modules\yarn\bin\yarn.js add class-variance-authority tailwind-merge

PATH: 
  C:\Users\alexa\bin;C:\Program Files\Git\mingw64\bin;C:\Program Files\Git\usr\local\bin;C:\Program Files\Git\usr\bin;C:\Program Files\Git\usr\bin;C:\Program Files\Git\mingw64\bin;C:\Program Files\Git\usr\bin;C:\Users\alexa\bin;C:\Program Files (x86)\Common Files\Oracle\Java\java8path;C:\Program Files (x86)\Common Files\Oracle\Java\javapath;C:\Users\alexa\AppData\Local\Programs\Python\Python311\Scripts;C:\Program Files\dotnet;C:\Program Files\NVIDIA Corporation\NVIDIA NvDLISR;C:\Program Files (x86)\NVIDIA Corporation\PhysX\Common;C:\Users\alexa\AppData\Roaming\nvm;C:\Program Files\nodejs;C:\Maven\apache-maven-3.9.9\bin;C:\Users\alexa\AppData\Local\Programs\Python\Python311;C:\Users\alexa\AppData\Local\Programs\Microsoft VS Code\bin;C:\Users\alexa\AppData\Local\GitHubDesktop\bin;C:\Users\alexa\AppData\Roaming\npm;C:\Users\alexa\AppData\Roaming\nvm;C:\Program Files\nodejs;C:\Program Files\Git\usr\bin\vendor_perl;C:\Program Files\Git\usr\bin\core_perl

Yarn version: 
  1.22.19

Node version: 
  21.6.1

Platform: 
  win32 x64

Trace: 
  Error: EPERM: operation not permitted, unlink 'C:\Users\alexa\OneDrive\Bureau\glassia\node_modules\@next\swc-win32-x64-msvc\next-swc.win32-x64-msvc.node'

npm manifest: 
  {
    "private": true,
    "scripts": {
      "build": "next build",
      "dev": "next dev",
      "start": "next start"
    },
    "dependencies": {
      "@bradgarropy/next-link": "^1.1.0",
      "class-variance-authority": "^0.7.1",
      "framer-motion": "^12.0.8",
      "next": "latest",
      "react": "latest",
      "react-dom": "latest",
      "tailwind-merge": "^3.0.1"
    },
    "engines": {
      "node": ">=18"
    }
  }

yarn manifest: 
  No manifest

Lockfile: 
  No lockfile
